MidPoint_line.obj : error LNK2019: 无法解析的外部符号 __imp_glBegin，函数 "void __cdecl display(void)" (?display@@YAXXZ) 中引用了该符号
MidPoint_line.obj : error LNK2019: 无法解析的外部符号 __imp_glClear，函数 "void __cdecl display(void)" (?display@@YAXXZ) 中引用了该符号
MidPoint_line.obj : error LNK2019: 无法解析的外部符号 __imp_glClearColor，函数 "void __cdecl display(void)" (?display@@YAXXZ) 中引用了该符号
MidPoint_line.obj : error LNK2019: 无法解析的外部符号 __imp_glColor3f，函数 "void __cdecl display(void)" (?display@@YAXXZ) 中引用了该符号
MidPoint_line.obj : error LNK2019: 无法解析的外部符号 __imp_glEnd，函数 "void __cdecl display(void)" (?display@@YAXXZ) 中引用了该符号
MidPoint_line.obj : error LNK2019: 无法解析的外部符号 __imp_glFlush，函数 "void __cdecl display(void)" (?display@@YAXXZ) 中引用了该符号
MidPoint_line.obj : error LNK2019: 无法解析的外部符号 __imp_glLoadIdentity，函数 "void __cdecl reshape(int,int)" (?reshape@@YAXHH@Z) 中引用了该符号
MidPoint_line.obj : error LNK2019: 无法解析的外部符号 __imp_glMatrixMode，函数 "void __cdecl reshape(int,int)" (?reshape@@YAXHH@Z) 中引用了该符号
MidPoint_line.obj : error LNK2019: 无法解析的外部符号 __imp_glVertex2i，函数 "void __cdecl Bball_line(int,int,int)" (?Bball_line@@YAXHHH@Z) 中引用了该符号
MidPoint_line.obj : error LNK2019: 无法解析的外部符号 __imp_glViewport，函数 "void __cdecl reshape(int,int)" (?reshape@@YAXHH@Z) 中引用了该符号
MidPoint_line.obj : error LNK2019: 无法解析的外部符号 gluOrtho2D，函数 "void __cdecl reshape(int,int)" (?reshape@@YAXHH@Z) 中引用了该符号
MidPoint_line.obj : error LNK2019: 无法解析的外部符号 __imp_glutInit，函数 main 中引用了该符号
MidPoint_line.obj : error LNK2019: 无法解析的外部符号 __imp_glutInitDisplayMode，函数 main 中引用了该符号
MidPoint_line.obj : error LNK2019: 无法解析的外部符号 __imp_glutInitWindowPosition，函数 main 中引用了该符号
MidPoint_line.obj : error LNK2019: 无法解析的外部符号 __imp_glutInitWindowSize，函数 main 中引用了该符号
MidPoint_line.obj : error LNK2019: 无法解析的外部符号 __imp_glutMainLoop，函数 main 中引用了该符号
MidPoint_line.obj : error LNK2019: 无法解析的外部符号 __imp_glutCreateWindow，函数 main 中引用了该符号
MidPoint_line.obj : error LNK2019: 无法解析的外部符号 __imp_glutDisplayFunc，函数 main 中引用了该符号
MidPoint_line.obj : error LNK2019: 无法解析的外部符号 __imp_glutReshapeFunc，函数 main 中引用了该符号
E:\novel\Ccode_test\graphis\OpenGL\LIB\opengl32.lib : warning LNK4272: 库计算机类型“x86”与目标计算机类型“x64”冲突
E:\novel\Ccode_test\graphis\OpenGL\LIB\glu32.lib : warning LNK4272: 库计算机类型“x86”与目标计算机类型“x64”冲突
E:\novel\Ccode_test\graphis\OpenGL\LIB\glut32.lib : warning LNK4272: 库计算机类型“x86”与目标计算机类型“x64”冲突
E:\novel\Ccode_test\openGL\x64\Debug\openGL.exe : fatal error LNK1120: 19 个无法解析的外部命令
